<?xml version="1.0" encoding="UTF-8"?>
<testng-results skipped="0" failed="0" ignored="0" total="1" passed="1">
  <reporter-output>
  </reporter-output>
  <suite name="Default suite" duration-ms="2046" started-at="2022-11-05T17:22:52 IST" finished-at="2022-11-05T17:22:54 IST">
    <groups>
    </groups>
    <test name="Default test" duration-ms="2046" started-at="2022-11-05T17:22:52 IST" finished-at="2022-11-05T17:22:54 IST">
      <class name="com.RestAssuredMukeshOtwani.OAuth1.TwitterDemo_CreateNewTweet">
        <test-method status="PASS" signature="postTweet()[pri:0, instance:com.RestAssuredMukeshOtwani.OAuth1.TwitterDemo_CreateNewTweet@2833cc44]" name="postTweet" duration-ms="2020" started-at="2022-11-05T17:22:52 IST" finished-at="2022-11-05T17:22:54 IST">
          <reporter-output>
          </reporter-output>
        </test-method> <!-- postTweet -->
      </class> <!-- com.RestAssuredMukeshOtwani.OAuth1.TwitterDemo_CreateNewTweet -->
    </test> <!-- Default test -->
  </suite> <!-- Default suite -->
</testng-results>
